<?xml version="1.0" encoding="UTF-8"?>
<!-- Generated by org.testng.reporters.JUnitXMLReporter -->
<testsuite ignored="4" hostname="LAPTOP-SUROD588" failures="0" tests="1" name="chrome" time="42.208" errors="0" timestamp="2023-02-17T21:42:35 PST">
  <testcase classname="progressive.tdd.test.auto.AutoQuoteTest" name="createAutoQuoteTest" time="36.616"/>
  <testcase classname="progressive.tdd.test.auto.AutoQuoteTest" name="failedTestScenario" time="0.0">
    <ignored/>
  </testcase> <!-- failedTestScenario -->
  <testcase classname="progressive.tdd.test.auto.AutoQuoteTest" name="test1" time="0.0">
    <ignored/>
  </testcase> <!-- test1 -->
  <testcase classname="progressive.tdd.test.auto.AutoQuoteTest" name="test2" time="0.0">
    <ignored/>
  </testcase> <!-- test2 -->
  <testcase classname="progressive.tdd.test.auto.AutoQuoteTest" name="testRetry" time="0.0">
    <ignored/>
  </testcase> <!-- testRetry -->
</testsuite> <!-- chrome -->
