<?xml version="1.0" encoding="UTF-8"?>
<!-- Generated by org.testng.reporters.JUnitXMLReporter -->
<testsuite ignored="4" hostname="LAPTOP-SUROD588" failures="0" tests="1" name="edge" time="0.01" errors="0" timestamp="2023-02-13T02:39:29 PST">
  <testcase classname="baseUtil.BaseClass" name="@BeforeMethod setUpDriver" time="0.0">
    <failure type="java.lang.NullPointerException" message="Cannot invoke &amp;quot;progressiveTddUtils.ReadProperties.getPropertie(String)&amp;quot; because &amp;quot;this.envVar&amp;quot; is null">
      <![CDATA[java.lang.NullPointerException: Cannot invoke "progressiveTddUtils.ReadProperties.getPropertie(String)" because "this.envVar" is null
at baseUtil.BaseClass.setUpDriver(BaseClass.java:48)
at java.base/java.util.ArrayList.forEach(ArrayList.java:1511)
... Removed 31 stack frames]]>
    </failure>
  </testcase> <!-- @BeforeMethod setUpDriver -->
  <testcase classname="baseUtil.BaseClass" name="@AfterMethod teareUp" time="-1.676284769702E9">
    <skipped/>
  </testcase> <!-- @AfterMethod teareUp -->
  <testcase classname="progressive.tdd.test.auto.AutoQuoteTest" name="test1" time="0.0">
    <skipped/>
  </testcase> <!-- test1 -->
  <testcase classname="progressive.tdd.test.auto.AutoQuoteTest" name="test2" time="0.0">
    <ignored/>
  </testcase> <!-- test2 -->
  <testcase classname="progressive.tdd.test.auto.AutoQuoteTest" name="test3" time="0.0">
    <ignored/>
  </testcase> <!-- test3 -->
  <testcase classname="progressive.tdd.test.auto.AutoQuoteTest" name="testRetry" time="0.0">
    <ignored/>
  </testcase> <!-- testRetry -->
  <testcase classname="progressive.tdd.test.auto.AutoQuoteTest" name="createAutoQuoteTest" time="0.0">
    <ignored/>
  </testcase> <!-- createAutoQuoteTest -->
</testsuite> <!-- edge -->
