<?xml version="1.0" encoding="UTF-8"?>
<!-- Generated by org.testng.reporters.JUnitXMLReporter -->
<testsuite ignored="4" hostname="LAPTOP-SUROD588" failures="0" tests="2" name="regression" time="44.833" errors="0" timestamp="2023-02-13T20:27:15 PST">
  <testcase classname="progressive.tdd.test.auto.AutoQuoteTest" name="test1" time="0.014"/>
  <testcase classname="progressive.tdd.test.property.PropertyQuoteTest" name="creatpropertyQoteTest" time="36.54"/>
  <testcase classname="progressive.tdd.test.auto.AutoQuoteTest" name="test2" time="0.0">
    <ignored/>
  </testcase> <!-- test2 -->
  <testcase classname="progressive.tdd.test.auto.AutoQuoteTest" name="test3" time="0.0">
    <ignored/>
  </testcase> <!-- test3 -->
  <testcase classname="progressive.tdd.test.auto.AutoQuoteTest" name="testRetry" time="0.0">
    <ignored/>
  </testcase> <!-- testRetry -->
  <testcase classname="progressive.tdd.test.auto.AutoQuoteTest" name="createAutoQuoteTest" time="0.0">
    <ignored/>
  </testcase> <!-- createAutoQuoteTest -->
</testsuite> <!-- regression -->
