<?xml version="1.0" encoding="UTF-8"?>
<!-- Generated by org.testng.reporters.JUnitXMLReporter -->
<testsuite ignored="7" hostname="LAPTOP-SUROD588" failures="0" tests="1" name="Test" time="42.012" errors="0" timestamp="2023-02-17T21:24:25 PST">
  <testcase classname="progressive.tdd.test.property.PropertyQuoteTest" name="creatpropertyQoteTest" time="36.761"/>
  <testcase classname="progressive.tdd.test.auto.AutoQuoteTest" name="failedTestScenario" time="0.0">
    <ignored/>
  </testcase> <!-- failedTestScenario -->
  <testcase classname="progressive.tdd.test.auto.AutoQuoteTest" name="test1" time="0.0">
    <ignored/>
  </testcase> <!-- test1 -->
  <testcase classname="progressive.tdd.test.auto.AutoQuoteTest" name="test2" time="0.0">
    <ignored/>
  </testcase> <!-- test2 -->
  <testcase classname="baseUtil.ExtentListener" name="@BeforeSuite initExtentReport" time="0.0">
    <ignored/>
  </testcase> <!-- @BeforeSuite initExtentReport -->
  <testcase classname="baseUtil.ExtentListener" name="@AfterSuite closeReport" time="0.0">
    <ignored/>
  </testcase> <!-- @AfterSuite closeReport -->
  <testcase classname="progressive.tdd.test.auto.AutoQuoteTest" name="testRetry" time="0.0">
    <ignored/>
  </testcase> <!-- testRetry -->
  <testcase classname="progressive.tdd.test.auto.AutoQuoteTest" name="createAutoQuoteTest" time="0.0">
    <ignored/>
  </testcase> <!-- createAutoQuoteTest -->
</testsuite> <!-- Test -->
